生成启动时间为 11/28/2017 10:35:55 AM。
     1>项目“D:\360安全浏览器下载\10409666ButterflyClock\vc6GDIplusSrc\GDIPClock.vcxproj”在节点 2 上(build 个目标)。
     1>InitializeBuildStatus:
         正在创建“.\Debug\GDIPClock.unsuccessfulbuild”，因为已指定“AlwaysCreate”。
       ClCompile:
         C:\Program Files (x86)\Microsoft Visual Studio 10.0\VC\bin\CL.exe /c /ZI /nologo /W3 /WX- /Od /Oy- /D WIN32 /D _DEBUG /D _WINDOWS /D _VC80_UPGRADE=0x0600 /D _MBCS /D _AFXDLL /Gm /EHsc /RTC1 /MDd /GS /fp:precise /Zc:wchar_t /Zc:forScope /Yc"stdafx.h" /Fp".\Debug/GDIPClock.pch" /Fo".\Debug/" /Fd".\Debug/vc100.pdb" /FR".\Debug\\" /Gd /TP /analyze- /errorReport:prompt StdAfx.cpp
         StdAfx.cpp
         _WIN32_WINNT not defined. Defaulting to _WIN32_WINNT_MAXVER (see WinSDKVer.h)
         C:\Program Files (x86)\Microsoft Visual Studio 10.0\VC\bin\CL.exe /c /ZI /nologo /W3 /WX- /Od /Oy- /D WIN32 /D _DEBUG /D _WINDOWS /D _VC80_UPGRADE=0x0600 /D _MBCS /D _AFXDLL /Gm /EHsc /RTC1 /MDd /GS /fp:precise /Zc:wchar_t /Zc:forScope /Yu"stdafx.h" /Fp".\Debug/GDIPClock.pch" /Fo".\Debug/" /Fd".\Debug/vc100.pdb" /FR".\Debug\\" /Gd /TP /analyze- /errorReport:prompt GDIPClock.cpp GDIPClockDlg.cpp HSGraphics.cpp HSMenu.cpp SetDlg.cpp
         SetDlg.cpp
         HSMenu.cpp
     1>d:\360安全浏览器下载\10409666butterflyclock\vc6gdiplussrc\hsmenu.cpp(400): warning C4018: “<”: 有符号/无符号不匹配
     1>d:\360安全浏览器下载\10409666butterflyclock\vc6gdiplussrc\hsmenu.cpp(431): warning C4018: “<”: 有符号/无符号不匹配
     1>d:\360安全浏览器下载\10409666butterflyclock\vc6gdiplussrc\hsmenu.cpp(618): warning C4018: “>=”: 有符号/无符号不匹配
     1>d:\360安全浏览器下载\10409666butterflyclock\vc6gdiplussrc\hsmenu.cpp(709): warning C4018: “>”: 有符号/无符号不匹配
     1>d:\360安全浏览器下载\10409666butterflyclock\vc6gdiplussrc\hsmenu.cpp(779): warning C4018: “>”: 有符号/无符号不匹配
     1>d:\360安全浏览器下载\10409666butterflyclock\vc6gdiplussrc\hsmenu.cpp(889): warning C4018: “>”: 有符号/无符号不匹配
     1>d:\360安全浏览器下载\10409666butterflyclock\vc6gdiplussrc\hsmenu.cpp(890): warning C4018: “>”: 有符号/无符号不匹配
     1>d:\360安全浏览器下载\10409666butterflyclock\vc6gdiplussrc\hsmenu.cpp(891): warning C4018: “<”: 有符号/无符号不匹配
     1>d:\360安全浏览器下载\10409666butterflyclock\vc6gdiplussrc\hsmenu.cpp(892): warning C4018: “<”: 有符号/无符号不匹配
     1>d:\360安全浏览器下载\10409666butterflyclock\vc6gdiplussrc\hsmenu.cpp(996): warning C4244: “参数”: 从“LONG”转换到“short”，可能丢失数据
     1>d:\360安全浏览器下载\10409666butterflyclock\vc6gdiplussrc\hsmenu.cpp(996): warning C4244: “参数”: 从“LONG”转换到“short”，可能丢失数据
     1>d:\360安全浏览器下载\10409666butterflyclock\vc6gdiplussrc\hsmenu.cpp(1135): warning C4244: “参数”: 从“LONG”转换到“short”，可能丢失数据
     1>d:\360安全浏览器下载\10409666butterflyclock\vc6gdiplussrc\hsmenu.cpp(1135): warning C4244: “参数”: 从“LONG”转换到“short”，可能丢失数据
     1>d:\360安全浏览器下载\10409666butterflyclock\vc6gdiplussrc\hsmenu.cpp(1591): warning C4018: “<”: 有符号/无符号不匹配
         HSGraphics.cpp
         GDIPClockDlg.cpp
     1>d:\360安全浏览器下载\10409666butterflyclock\vc6gdiplussrc\gdipclockdlg.cpp(296): warning C4244: “参数”: 从“int”转换到“Gdiplus::REAL”，可能丢失数据
     1>d:\360安全浏览器下载\10409666butterflyclock\vc6gdiplussrc\gdipclockdlg.cpp(296): warning C4244: “参数”: 从“int”转换到“Gdiplus::REAL”，可能丢失数据
     1>d:\360安全浏览器下载\10409666butterflyclock\vc6gdiplussrc\gdipclockdlg.cpp(297): warning C4244: “参数”: 从“double”转换到“Gdiplus::REAL”，可能丢失数据
     1>d:\360安全浏览器下载\10409666butterflyclock\vc6gdiplussrc\gdipclockdlg.cpp(299): warning C4244: “参数”: 从“int”转换到“Gdiplus::REAL”，可能丢失数据
     1>d:\360安全浏览器下载\10409666butterflyclock\vc6gdiplussrc\gdipclockdlg.cpp(299): warning C4244: “参数”: 从“int”转换到“Gdiplus::REAL”，可能丢失数据
     1>d:\360安全浏览器下载\10409666butterflyclock\vc6gdiplussrc\gdipclockdlg.cpp(303): warning C4244: “参数”: 从“int”转换到“Gdiplus::REAL”，可能丢失数据
     1>d:\360安全浏览器下载\10409666butterflyclock\vc6gdiplussrc\gdipclockdlg.cpp(303): warning C4244: “参数”: 从“int”转换到“Gdiplus::REAL”，可能丢失数据
     1>d:\360安全浏览器下载\10409666butterflyclock\vc6gdiplussrc\gdipclockdlg.cpp(304): warning C4244: “参数”: 从“int”转换到“Gdiplus::REAL”，可能丢失数据
     1>d:\360安全浏览器下载\10409666butterflyclock\vc6gdiplussrc\gdipclockdlg.cpp(306): warning C4244: “参数”: 从“int”转换到“Gdiplus::REAL”，可能丢失数据
     1>d:\360安全浏览器下载\10409666butterflyclock\vc6gdiplussrc\gdipclockdlg.cpp(306): warning C4244: “参数”: 从“int”转换到“Gdiplus::REAL”，可能丢失数据
     1>d:\360安全浏览器下载\10409666butterflyclock\vc6gdiplussrc\gdipclockdlg.cpp(310): warning C4244: “参数”: 从“int”转换到“Gdiplus::REAL”，可能丢失数据
     1>d:\360安全浏览器下载\10409666butterflyclock\vc6gdiplussrc\gdipclockdlg.cpp(310): warning C4244: “参数”: 从“int”转换到“Gdiplus::REAL”，可能丢失数据
     1>d:\360安全浏览器下载\10409666butterflyclock\vc6gdiplussrc\gdipclockdlg.cpp(311): warning C4244: “参数”: 从“int”转换到“Gdiplus::REAL”，可能丢失数据
     1>d:\360安全浏览器下载\10409666butterflyclock\vc6gdiplussrc\gdipclockdlg.cpp(313): warning C4244: “参数”: 从“int”转换到“Gdiplus::REAL”，可能丢失数据
     1>d:\360安全浏览器下载\10409666butterflyclock\vc6gdiplussrc\gdipclockdlg.cpp(313): warning C4244: “参数”: 从“int”转换到“Gdiplus::REAL”，可能丢失数据
     1>d:\360安全浏览器下载\10409666butterflyclock\vc6gdiplussrc\gdipclockdlg.cpp(443): warning C4244: “参数”: 从“LONG”转换到“short”，可能丢失数据
     1>d:\360安全浏览器下载\10409666butterflyclock\vc6gdiplussrc\gdipclockdlg.cpp(443): warning C4244: “参数”: 从“LONG”转换到“short”，可能丢失数据
     1>d:\360安全浏览器下载\10409666butterflyclock\vc6gdiplussrc\gdipclockdlg.cpp(492): warning C4101: “pWnd”: 未引用的局部变量
     1>d:\360安全浏览器下载\10409666butterflyclock\vc6gdiplussrc\gdipclockdlg.cpp(652): warning C4996: 'strcpy': This function or variable may be unsafe. Consider using strcpy_s instead. To disable deprecation, use _CRT_SECURE_NO_WARNINGS. See online help for details.
                 c:\program files (x86)\microsoft visual studio 10.0\vc\include\string.h(105) : 参见“strcpy”的声明
         GDIPClock.cpp
     1>d:\360安全浏览器下载\10409666butterflyclock\vc6gdiplussrc\gdipclock.cpp(52): warning C4996: 'CWinApp::Enable3dControls': CWinApp::Enable3dControls is no longer needed. You should remove this call.
                 c:\program files (x86)\microsoft visual studio 10.0\vc\atlmfc\include\afxwin.h(5344) : 参见“CWinApp::Enable3dControls”的声明
         正在生成代码...
     1>d:\360安全浏览器下载\10409666butterflyclock\vc6gdiplussrc\gdipclockdlg.cpp(411): warning C4715: “CGDIPClockDlg::ImageFromIDResource”: 不是所有的控件路径都返回值
       ResourceCompile:
         C:\Program Files (x86)\Microsoft SDKs\Windows\v7.0A\bin\rc.exe /D _DEBUG /D _VC80_UPGRADE=0x0600 /D _AFXDLL /l"0x0804" /nologo /fo".\Debug\GDIPClock.res" GDIPClock.rc 
       ManifestResourceCompile:
         C:\Program Files (x86)\Microsoft SDKs\Windows\v7.0A\bin\rc.exe /nologo /fo".\Debug\GDIPClock.exe.embed.manifest.res" .\Debug\GDIPClock_manifest.rc 
       PreLinkEvent:
         copyright.bat
         :VCEnd
         ===本程序下载于VC知识库(www.vckbase.com)===
         -------技术支持由UIPower提供(www.uipower.com)------
         ......如遇到任何技术问题请发邮件vckbase@vckbase.com......
       Link:
         C:\Program Files (x86)\Microsoft Visual Studio 10.0\VC\bin\link.exe /ERRORREPORT:PROMPT /OUT:".\Debug/GDIPClock.exe" /INCREMENTAL /NOLOGO /MANIFEST /ManifestFile:".\Debug\GDIPClock.exe.intermediate.manifest" /MANIFESTUAC:"level='asInvoker' uiAccess='false'" /DEBUG /PDB:".\Debug/GDIPClock.pdb" /SUBSYSTEM:WINDOWS /TLBID:1 /DYNAMICBASE /NXCOMPAT /IMPLIB:".\Debug\GDIPClock.lib" /MACHINE:X86 .\Debug\GDIPClock.res
         .\Debug\GDIPClock.exe.embed.manifest.res
         .\Debug/GDIPClock.obj
         .\Debug/GDIPClockDlg.obj
         .\Debug/HSGraphics.obj
         .\Debug/HSMenu.obj
         .\Debug/SetDlg.obj
         .\Debug/StdAfx.obj
       Manifest:
         C:\Program Files (x86)\Microsoft SDKs\Windows\v7.0A\bin\mt.exe /nologo /verbose /out:".\Debug\GDIPClock.exe.embed.manifest" /manifest .\Debug\GDIPClock.exe.intermediate.manifest "C:\Program Files (x86)\Microsoft Visual Studio 10.0\VC\Include\Manifest\dpiaware.manifest"
         C:\Program Files (x86)\Microsoft SDKs\Windows\v7.0A\bin\rc.exe /nologo /fo".\Debug\GDIPClock.exe.embed.manifest.res" .\Debug\GDIPClock_manifest.rc 
       LinkEmbedManifest:
         C:\Program Files (x86)\Microsoft Visual Studio 10.0\VC\bin\link.exe /ERRORREPORT:PROMPT /OUT:".\Debug/GDIPClock.exe" /INCREMENTAL /NOLOGO /MANIFEST /ManifestFile:".\Debug\GDIPClock.exe.intermediate.manifest" /MANIFESTUAC:"level='asInvoker' uiAccess='false'" /DEBUG /PDB:".\Debug/GDIPClock.pdb" /SUBSYSTEM:WINDOWS /TLBID:1 /DYNAMICBASE /NXCOMPAT /IMPLIB:".\Debug\GDIPClock.lib" /MACHINE:X86 .\Debug\GDIPClock.res
         .\Debug\GDIPClock.exe.embed.manifest.res
         .\Debug/GDIPClock.obj
         .\Debug/GDIPClockDlg.obj
         .\Debug/HSGraphics.obj
         .\Debug/HSMenu.obj
         .\Debug/SetDlg.obj
         .\Debug/StdAfx.obj
         GDIPClock.vcxproj -> D:\360安全浏览器下载\10409666ButterflyClock\vc6GDIplusSrc\.\Debug\GDIPClock.exe
       BscMake:
         C:\Program Files (x86)\Microsoft Visual Studio 10.0\VC\bin\bscmake.exe /nologo /o".\Debug/GDIPClock.bsc" .\Debug\GDIPClock.sbr .\Debug\GDIPClockDlg.sbr .\Debug\HSGraphics.sbr .\Debug\HSMenu.sbr .\Debug\SetDlg.sbr .\Debug\StdAfx.sbr
       FinalizeBuildStatus:
         正在删除文件“.\Debug\GDIPClock.unsuccessfulbuild”。
         正在对“.\Debug\GDIPClock.lastbuildstate”执行 Touch 任务。
     1>已完成生成项目“D:\360安全浏览器下载\10409666ButterflyClock\vc6GDIplusSrc\GDIPClock.vcxproj”(build 个目标)的操作。

生成成功。

已用时间 00:00:08.42
